<?xml version="1.0" encoding="UTF-8"?>
<testng-results ignored="0" total="2" passed="2" failed="0" skipped="0">
  <reporter-output>
  </reporter-output>
  <suite started-at="2021-11-01T21:25:54 IST" name="Default suite" finished-at="2021-11-01T21:26:19 IST" duration-ms="24998">
    <groups>
    </groups>
    <test started-at="2021-11-01T21:25:54 IST" name="Default test" finished-at="2021-11-01T21:26:19 IST" duration-ms="24998">
      <class name="com.demo.TestCase.TestCase1">
        <test-method is-config="true" signature="configBS()[pri:0, instance:com.demo.TestCase.TestCase1@694abbdc]" started-at="2021-11-01T21:25:54 IST" name="configBS" finished-at="2021-11-01T21:25:54 IST" duration-ms="11" status="PASS">
          <reporter-output>
          </reporter-output>
        </test-method> <!-- configBS -->
        <test-method is-config="true" signature="configBT()[pri:0, instance:com.demo.TestCase.TestCase1@694abbdc]" started-at="2021-11-01T21:25:54 IST" name="configBT" finished-at="2021-11-01T21:25:54 IST" duration-ms="1" status="PASS">
          <reporter-output>
          </reporter-output>
        </test-method> <!-- configBT -->
        <test-method is-config="true" signature="configBC()[pri:0, instance:com.demo.TestCase.TestCase1@694abbdc]" started-at="2021-11-01T21:25:54 IST" name="configBC" finished-at="2021-11-01T21:26:06 IST" duration-ms="11711" status="PASS">
          <reporter-output>
          </reporter-output>
        </test-method> <!-- configBC -->
        <test-method is-config="true" signature="configBM()[pri:0, instance:com.demo.TestCase.TestCase1@694abbdc]" started-at="2021-11-01T21:26:06 IST" name="configBM" finished-at="2021-11-01T21:26:07 IST" duration-ms="475" status="PASS">
          <reporter-output>
          </reporter-output>
        </test-method> <!-- configBM -->
        <test-method signature="sample()[pri:0, instance:com.demo.TestCase.TestCase1@694abbdc]" started-at="2021-11-01T21:26:07 IST" name="sample" finished-at="2021-11-01T21:26:07 IST" duration-ms="6" status="PASS">
          <reporter-output>
          </reporter-output>
        </test-method> <!-- sample -->
        <test-method is-config="true" signature="configAM()[pri:0, instance:com.demo.TestCase.TestCase1@694abbdc]" started-at="2021-11-01T21:26:07 IST" name="configAM" finished-at="2021-11-01T21:26:14 IST" duration-ms="7171" status="PASS">
          <reporter-output>
          </reporter-output>
        </test-method> <!-- configAM -->
        <test-method is-config="true" signature="configBM()[pri:0, instance:com.demo.TestCase.TestCase1@694abbdc]" started-at="2021-11-01T21:26:14 IST" name="configBM" finished-at="2021-11-01T21:26:14 IST" duration-ms="348" status="PASS">
          <reporter-output>
          </reporter-output>
        </test-method> <!-- configBM -->
        <test-method signature="sample2()[pri:0, instance:com.demo.TestCase.TestCase1@694abbdc]" started-at="2021-11-01T21:26:14 IST" name="sample2" finished-at="2021-11-01T21:26:14 IST" duration-ms="2" status="PASS">
          <reporter-output>
          </reporter-output>
        </test-method> <!-- sample2 -->
        <test-method is-config="true" signature="configAM()[pri:0, instance:com.demo.TestCase.TestCase1@694abbdc]" started-at="2021-11-01T21:26:14 IST" name="configAM" finished-at="2021-11-01T21:26:19 IST" duration-ms="4932" status="PASS">
          <reporter-output>
          </reporter-output>
        </test-method> <!-- configAM -->
        <test-method is-config="true" signature="configAC()[pri:0, instance:com.demo.TestCase.TestCase1@694abbdc]" started-at="2021-11-01T21:26:19 IST" name="configAC" finished-at="2021-11-01T21:26:19 IST" duration-ms="298" status="PASS">
          <reporter-output>
          </reporter-output>
        </test-method> <!-- configAC -->
        <test-method is-config="true" signature="configAT()[pri:0, instance:com.demo.TestCase.TestCase1@694abbdc]" started-at="2021-11-01T21:26:19 IST" name="configAT" finished-at="2021-11-01T21:26:19 IST" duration-ms="0" status="PASS">
          <reporter-output>
          </reporter-output>
        </test-method> <!-- configAT -->
        <test-method is-config="true" signature="configAS()[pri:0, instance:com.demo.TestCase.TestCase1@694abbdc]" started-at="2021-11-01T21:26:19 IST" name="configAS" finished-at="2021-11-01T21:26:19 IST" duration-ms="0" status="PASS">
          <reporter-output>
          </reporter-output>
        </test-method> <!-- configAS -->
      </class> <!-- com.demo.TestCase.TestCase1 -->
    </test> <!-- Default test -->
  </suite> <!-- Default suite -->
</testng-results>
